<?xml version="1.0" encoding="UTF-8"?>
<!-- Generated by org.testng.reporters.JUnitXMLReporter -->
<testsuite hostname="DESKTOP-5VVJH30" ignored="0" name="Test" tests="5" failures="0" timestamp="2020-01-20T13:25:01 EST" time="10.754" errors="0">
  <testcase name="@BeforeMethod openSite" time="10.55" classname="com.class3.HW">
    <failure type="org.openqa.selenium.NoSuchElementException" message="Cannot locate an element using id=txtUsername
For documentation on this error, please visit: https://www.seleniumhq.org/exceptions/no_such_element.html
Build info: version: &amp;apos;3.141.59&amp;apos;, revision: &amp;apos;e82be7d358&amp;apos;, time: &amp;apos;2018-11-14T08:25:48&amp;apos;
System info: host: &amp;apos;DESKTOP-5VVJH30&amp;apos;, ip: &amp;apos;10.10.8.181&amp;apos;, os.name: &amp;apos;Windows 10&amp;apos;, os.arch: &amp;apos;amd64&amp;apos;, os.version: &amp;apos;10.0&amp;apos;, java.version: &amp;apos;1.8.0_221&amp;apos;
Driver info: driver.version: RemoteWebDriver">
      <![CDATA[org.openqa.selenium.NoSuchElementException: Cannot locate an element using id=txtUsername
For documentation on this error, please visit: https://www.seleniumhq.org/exceptions/no_such_element.html
Build info: version: '3.141.59', revision: 'e82be7d358', time: '2018-11-14T08:25:48'
System info: host: 'DESKTOP-5VVJH30', ip: '10.10.8.181', os.name: 'Windows 10', os.arch: 'amd64', os.version: '10.0', java.version: '1.8.0_221'
Driver info: driver.version: RemoteWebDriver
at org.openqa.selenium.remote.RemoteWebDriver.findElement(RemoteWebDriver.java:327)
at org.openqa.selenium.remote.RemoteWebDriver.findElementById(RemoteWebDriver.java:372)
at org.openqa.selenium.By$ById.findElement(By.java:188)
at org.openqa.selenium.remote.RemoteWebDriver.findElement(RemoteWebDriver.java:315)
at com.class3.HW.openSite(HW.java:55)
at java.util.ArrayList.forEach(Unknown Source)
... Removed 31 stack frames]]>
    </failure>
  </testcase> <!-- @BeforeMethod openSite -->
  <testcase name="@AfterMethod tearDown" time="-1.579544701211E9" classname="com.class3.HW">
    <skipped/>
  </testcase> <!-- @AfterMethod tearDown -->
  <testcase name="@BeforeMethod openSite" time="-1.579544701219E9" classname="com.class3.HW">
    <skipped/>
  </testcase> <!-- @BeforeMethod openSite -->
  <testcase name="@AfterMethod tearDown" time="-1.579544701239E9" classname="com.class3.HW">
    <skipped/>
  </testcase> <!-- @AfterMethod tearDown -->
  <testcase name="@BeforeMethod openSite" time="-1.579544701247E9" classname="com.class3.HW">
    <skipped/>
  </testcase> <!-- @BeforeMethod openSite -->
  <testcase name="@AfterMethod tearDown" time="-1.579544701259E9" classname="com.class3.HW">
    <skipped/>
  </testcase> <!-- @AfterMethod tearDown -->
  <testcase name="@BeforeMethod openSite" time="-1.579544701263E9" classname="com.class3.HW">
    <skipped/>
  </testcase> <!-- @BeforeMethod openSite -->
  <testcase name="@AfterMethod tearDown" time="-1.579544701283E9" classname="com.class3.HW">
    <skipped/>
  </testcase> <!-- @AfterMethod tearDown -->
  <testcase name="@BeforeMethod openSite" time="-1.579544701287E9" classname="com.class3.HW">
    <skipped/>
  </testcase> <!-- @BeforeMethod openSite -->
  <testcase name="@AfterMethod tearDown" time="-1.579544701299E9" classname="com.class3.HW">
    <skipped/>
  </testcase> <!-- @AfterMethod tearDown -->
  <testcase name="addNewEmployees" time="0.0" classname="com.class3.HW">
    <skipped/>
  </testcase> <!-- addNewEmployees -->
  <testcase name="addNewEmployees" time="0.0" classname="com.class3.HW">
    <skipped/>
  </testcase> <!-- addNewEmployees -->
  <testcase name="addNewEmployees" time="0.0" classname="com.class3.HW">
    <skipped/>
  </testcase> <!-- addNewEmployees -->
  <testcase name="addNewEmployees" time="0.0" classname="com.class3.HW">
    <skipped/>
  </testcase> <!-- addNewEmployees -->
  <testcase name="addNewEmployees" time="0.0" classname="com.class3.HW">
    <skipped/>
  </testcase> <!-- addNewEmployees -->
</testsuite> <!-- Test -->
